This is pdfTeX, Version 3.14159265-2.6-1.40.21 (TeX Live 2020/Arch Linux) (preloaded format=pdflatex 2020.10.31)  17 NOV 2020 10:11
entering extended mode
 restricted \write18 enabled.
 file:line:error style messages enabled.
 %&-line parsing enabled.
**documentacion-externa.tex
(./documentacion-externa.tex
LaTeX2e <2020-02-02> patch level 5
L3 programming layer <2020-06-03>
(/usr/share/texmf-dist/tex/latex/base/article.cls
Document Class: article 2019/12/20 v1.4l Standard LaTeX document class
(/usr/share/texmf-dist/tex/latex/base/size10.clo
File: size10.clo 2019/12/20 v1.4l Standard LaTeX file (size option)
)
\c@part=\count167
\c@section=\count168
\c@subsection=\count169
\c@subsubsection=\count170
\c@paragraph=\count171
\c@subparagraph=\count172
\c@figure=\count173
\c@table=\count174
\abovecaptionskip=\skip47
\belowcaptionskip=\skip48
\bibindent=\dimen134
)
(/usr/share/texmf-dist/tex/generic/babel/babel.sty
Package: babel 2020/05/13 3.44 The Babel package

(/usr/share/texmf-dist/tex/generic/babel/babel.def
File: babel.def 2020/05/13 3.44 Babel common definitions
\babel@savecnt=\count175
\U@D=\dimen135
\l@babelnohyphens=\language86

(/usr/share/texmf-dist/tex/generic/babel/txtbabel.def)
\bbl@readstream=\read2
)
\bbl@dirlevel=\count176

(/usr/share/texmf-dist/tex/generic/babel-spanish/spanish.ldf
Language: spanish.ldf 2016/03/03 v5.0p Spanish support from the babel system
\es@quottoks=\toks15
\es@quotdepth=\count177
Package babel Info: Making " an active character on input line 561.
Package babel Info: Making . an active character on input line 662.
Package babel Info: Making < an active character on input line 707.
Package babel Info: Making > an active character on input line 707.
))
(/usr/share/texmf-dist/tex/latex/biblatex/biblatex.sty
Package: biblatex 2019/12/01 v3.14 programmable bibliographies (PK/MW)

(/usr/share/texmf-dist/tex/latex/pdftexcmds/pdftexcmds.sty
Package: pdftexcmds 2020-06-04 v0.32 Utility functions of pdfTeX for LuaTeX (HO
)

(/usr/share/texmf-dist/tex/generic/infwarerr/infwarerr.sty
Package: infwarerr 2019/12/03 v1.5 Providing info/warning/error messages (HO)
)
(/usr/share/texmf-dist/tex/generic/iftex/iftex.sty
Package: iftex 2020/03/06 v1.0d TeX engine tests
)
(/usr/share/texmf-dist/tex/generic/ltxcmds/ltxcmds.sty
Package: ltxcmds 2019/12/15 v1.24 LaTeX kernel commands for general use (HO)
)
Package pdftexcmds Info: \pdf@primitive is available.
Package pdftexcmds Info: \pdf@ifprimitive is available.
Package pdftexcmds Info: \pdfdraftmode found.
)
(/usr/share/texmf-dist/tex/latex/etoolbox/etoolbox.sty
Package: etoolbox 2019/09/21 v2.5h e-TeX tools for LaTeX (JAW)
\etb@tempcnta=\count178
)
(/usr/share/texmf-dist/tex/latex/graphics/keyval.sty
Package: keyval 2014/10/28 v1.15 key=value parser (DPC)
\KV@toks@=\toks16
)
(/usr/share/texmf-dist/tex/latex/kvoptions/kvoptions.sty
Package: kvoptions 2019/11/29 v3.13 Key value format for package options (HO)

(/usr/share/texmf-dist/tex/generic/kvsetkeys/kvsetkeys.sty
Package: kvsetkeys 2019/12/15 v1.18 Key value parser (HO)
))
(/usr/share/texmf-dist/tex/latex/logreq/logreq.sty
Package: logreq 2010/08/04 v1.0 xml request logger
\lrq@indent=\count179

(/usr/share/texmf-dist/tex/latex/logreq/logreq.def
File: logreq.def 2010/08/04 v1.0 logreq spec v1.0
))
(/usr/share/texmf-dist/tex/latex/base/ifthen.sty
Package: ifthen 2014/09/29 v1.1c Standard LaTeX ifthen package (DPC)
)
(/usr/share/texmf-dist/tex/latex/url/url.sty
\Urlmuskip=\muskip16
Package: url 2013/09/16  ver 3.4  Verb mode for urls, etc.
)
\c@tabx@nest=\count180
\c@listtotal=\count181
\c@listcount=\count182
\c@liststart=\count183
\c@liststop=\count184
\c@citecount=\count185
\c@citetotal=\count186
\c@multicitecount=\count187
\c@multicitetotal=\count188
\c@instcount=\count189
\c@maxnames=\count190
\c@minnames=\count191
\c@maxitems=\count192
\c@minitems=\count193
\c@citecounter=\count194
\c@maxcitecounter=\count195
\c@savedcitecounter=\count196
\c@uniquelist=\count197
\c@uniquename=\count198
\c@refsection=\count199
\c@refsegment=\count266
\c@maxextratitle=\count267
\c@maxextratitleyear=\count268
\c@maxextraname=\count269
\c@maxextradate=\count270
\c@maxextraalpha=\count271
\c@abbrvpenalty=\count272
\c@highnamepenalty=\count273
\c@lownamepenalty=\count274
\c@maxparens=\count275
\c@parenlevel=\count276
\blx@tempcnta=\count277
\blx@tempcntb=\count278
\blx@tempcntc=\count279
\blx@maxsection=\count280
\blx@maxsegment@0=\count281
\blx@notetype=\count282
\blx@parenlevel@text=\count283
\blx@parenlevel@foot=\count284
\blx@sectionciteorder@0=\count285
\blx@entrysetcounter=\count286
\labelnumberwidth=\skip49
\labelalphawidth=\skip50
\biblabelsep=\skip51
\bibitemsep=\skip52
\bibnamesep=\skip53
\bibinitsep=\skip54
\bibparsep=\skip55
\bibhang=\skip56
\blx@bcfin=\read3
\blx@bcfout=\write3
\blx@langwohyphens=\language87
\c@mincomprange=\count287
\c@maxcomprange=\count288
\c@mincompwidth=\count289
Package biblatex Info: Trying to load biblatex default data model...
Package biblatex Info: ... file 'blx-dm.def' found.

(/usr/share/texmf-dist/tex/latex/biblatex/blx-dm.def
File: blx-dm.def 2019/12/01 v3.14 biblatex localization (PK/MW)
)
Package biblatex Info: Trying to load biblatex style data model...
Package biblatex Info: ... file 'authoryear-icomp.dbx' not found.
Package biblatex Info: Trying to load biblatex custom data model...
Package biblatex Info: ... file 'biblatex-dm.cfg' not found.
\c@afterword=\count290
\c@savedafterword=\count291
\c@annotator=\count292
\c@savedannotator=\count293
\c@author=\count294
\c@savedauthor=\count295
\c@bookauthor=\count296
\c@savedbookauthor=\count297
\c@commentator=\count298
\c@savedcommentator=\count299
\c@editor=\count300
\c@savededitor=\count301
\c@editora=\count302
\c@savededitora=\count303
\c@editorb=\count304
\c@savededitorb=\count305
\c@editorc=\count306
\c@savededitorc=\count307
\c@foreword=\count308
\c@savedforeword=\count309
\c@holder=\count310
\c@savedholder=\count311
\c@introduction=\count312
\c@savedintroduction=\count313
\c@namea=\count314
\c@savednamea=\count315
\c@nameb=\count316
\c@savednameb=\count317
\c@namec=\count318
\c@savednamec=\count319
\c@translator=\count320
\c@savedtranslator=\count321
\c@shortauthor=\count322
\c@savedshortauthor=\count323
\c@shorteditor=\count324
\c@savedshorteditor=\count325
\c@labelname=\count326
\c@savedlabelname=\count327
\c@institution=\count328
\c@savedinstitution=\count329
\c@lista=\count330
\c@savedlista=\count331
\c@listb=\count332
\c@savedlistb=\count333
\c@listc=\count334
\c@savedlistc=\count335
\c@listd=\count336
\c@savedlistd=\count337
\c@liste=\count338
\c@savedliste=\count339
\c@listf=\count340
\c@savedlistf=\count341
\c@location=\count342
\c@savedlocation=\count343
\c@organization=\count344
\c@savedorganization=\count345
\c@origlocation=\count346
\c@savedoriglocation=\count347
\c@origpublisher=\count348
\c@savedorigpublisher=\count349
\c@publisher=\count350
\c@savedpublisher=\count351
\c@language=\count352
\c@savedlanguage=\count353
\c@origlanguage=\count354
\c@savedoriglanguage=\count355
\c@pageref=\count356
\c@savedpageref=\count357
\shorthandwidth=\skip57
\shortjournalwidth=\skip58
\shortserieswidth=\skip59
\shorttitlewidth=\skip60
\shortauthorwidth=\skip61
\shorteditorwidth=\skip62
\locallabelnumberwidth=\skip63
\locallabelalphawidth=\skip64
\localshorthandwidth=\skip65
\localshortjournalwidth=\skip66
\localshortserieswidth=\skip67
\localshorttitlewidth=\skip68
\localshortauthorwidth=\skip69
\localshorteditorwidth=\skip70
Package biblatex Info: Trying to load compatibility code...
Package biblatex Info: ... file 'blx-compat.def' found.

(/usr/share/texmf-dist/tex/latex/biblatex/blx-compat.def
File: blx-compat.def 2019/12/01 v3.14 biblatex compatibility (PK/MW)
)
Package biblatex Info: Trying to load generic definitions...
Package biblatex Info: ... file 'biblatex.def' found.

(/usr/share/texmf-dist/tex/latex/biblatex/biblatex.def
File: biblatex.def 2019/12/01 v3.14 biblatex compatibility (PK/MW)
\c@textcitecount=\count358
\c@textcitetotal=\count359
\c@textcitemaxnames=\count360
\c@biburlbigbreakpenalty=\count361
\c@biburlbreakpenalty=\count362
\c@biburlnumpenalty=\count363
\c@biburlucpenalty=\count364
\c@biburllcpenalty=\count365
\biburlbigskip=\muskip17
\biburlnumskip=\muskip18
\biburlucskip=\muskip19
\biburllcskip=\muskip20
\c@smartand=\count366
)
Package biblatex Info: Trying to load bibliography style 'authoryear-icomp'...
Package biblatex Info: ... file 'authoryear-icomp.bbx' found.

(/usr/share/texmf-dist/tex/latex/biblatex/bbx/authoryear-icomp.bbx
File: authoryear-icomp.bbx 2019/12/01 v3.14 biblatex bibliography style (PK/MW)

Package biblatex Info: Trying to load bibliography style 'authoryear'...
Package biblatex Info: ... file 'authoryear.bbx' found.

(/usr/share/texmf-dist/tex/latex/biblatex/bbx/authoryear.bbx
File: authoryear.bbx 2019/12/01 v3.14 biblatex bibliography style (PK/MW)
Package biblatex Info: Trying to load bibliography style 'standard'...
Package biblatex Info: ... file 'standard.bbx' found.

(/usr/share/texmf-dist/tex/latex/biblatex/bbx/standard.bbx
File: standard.bbx 2019/12/01 v3.14 biblatex bibliography style (PK/MW)
\c@bbx:relatedcount=\count367
\c@bbx:relatedtotal=\count368
)))
Package biblatex Info: Trying to load citation style 'authoryear-icomp'...
Package biblatex Info: ... file 'authoryear-icomp.cbx' found.

(/usr/share/texmf-dist/tex/latex/biblatex/cbx/authoryear-icomp.cbx
File: authoryear-icomp.cbx 2019/12/01 v3.14 biblatex citation style (PK/MW)
Package biblatex Info: Redefining '\cite'.
Package biblatex Info: Redefining '\parencite'.
Package biblatex Info: Redefining '\footcite'.
Package biblatex Info: Redefining '\footcitetext'.
Package biblatex Info: Redefining '\smartcite'.
Package biblatex Info: Redefining '\textcite'.
Package biblatex Info: Redefining '\textcites'.
Package biblatex Info: Redefining '\cites'.
Package biblatex Info: Redefining '\parencites'.
Package biblatex Info: Redefining '\footcites'.
Package biblatex Info: Redefining '\footcitetexts'.
Package biblatex Info: Redefining '\smartcites'.
)
Package biblatex Info: Trying to load configuration file...
Package biblatex Info: ... file 'biblatex.cfg' found.

(/usr/share/texmf-dist/tex/latex/biblatex/biblatex.cfg
File: biblatex.cfg 
))

Package biblatex Warning: 'babel/polyglossia' detected but 'csquotes' missing.
(biblatex)                Loading 'csquotes' recommended.

\@quotelevel=\count369
\@quotereset=\count370
(/usr/share/texmf-dist/tex/latex/l3backend/l3backend-pdfmode.def
File: l3backend-pdfmode.def 2020-06-03 L3 backend support: PDF mode
\l__kernel_color_stack_int=\count371
\l__pdf_internal_box=\box45
)
(./documentacion-externa.aux
LaTeX Info: Redefining \. on input line 13.
LaTeX Info: Redefining \% on input line 13.
)
LaTeX Font Info:    Checking defaults for OML/cmm/m/it on input line 13.
LaTeX Font Info:    ... okay on input line 13.
LaTeX Font Info:    Checking defaults for OMS/cmsy/m/n on input line 13.
LaTeX Font Info:    ... okay on input line 13.
LaTeX Font Info:    Checking defaults for OT1/cmr/m/n on input line 13.
LaTeX Font Info:    ... okay on input line 13.
LaTeX Font Info:    Checking defaults for T1/cmr/m/n on input line 13.
LaTeX Font Info:    ... okay on input line 13.
LaTeX Font Info:    Checking defaults for TS1/cmr/m/n on input line 13.
LaTeX Font Info:    ... okay on input line 13.
LaTeX Font Info:    Checking defaults for OMX/cmex/m/n on input line 13.
LaTeX Font Info:    ... okay on input line 13.
LaTeX Font Info:    Checking defaults for U/cmr/m/n on input line 13.
LaTeX Font Info:    ... okay on input line 13.
LaTeX Info: Redefining \. on input line 13.
LaTeX Info: Redefining \% on input line 13.
Package biblatex Info: Trying to load language 'spanish'...
Package biblatex Info: ... file 'spanish.lbx' found.

(/usr/share/texmf-dist/tex/latex/biblatex/lbx/spanish.lbx
File: spanish.lbx 2019/12/01 v3.14 biblatex localization (PK/MW)
)
Package biblatex Info: Input encoding 'utf8' detected.
Package biblatex Info: Automatic encoding selection.
(biblatex)             Assuming data encoding 'utf8'.
Package biblatex Info: Trying to load bibliographic data...
Package biblatex Info: ... file 'documentacion-externa.bbl' found.

(./documentacion-externa.bbl)
Package biblatex Info: Reference section=0 on input line 13.
Package biblatex Info: Reference segment=0 on input line 13.
LaTeX Font Info:    External font `cmex10' loaded for size
(Font)              <12> on input line 15.
LaTeX Font Info:    External font `cmex10' loaded for size
(Font)              <8> on input line 15.
LaTeX Font Info:    External font `cmex10' loaded for size
(Font)              <6> on input line 15.
 [1

{/var/lib/texmf/fonts/map/pdftex/updmap/pdftex.map}] (./documentacion-externa.a
ux
LaTeX Info: Redefining \. on input line 13.
LaTeX Info: Redefining \% on input line 13.
)
Package logreq Info: Writing requests to 'documentacion-externa.run.xml'.
 ) 
Here is how much of TeX's memory you used:
 8937 strings out of 480478
 163341 string characters out of 5905958
 804101 words of memory out of 5000000
 24931 multiletter control sequences out of 15000+600000
 536931 words of font info for 39 fonts, out of 8000000 for 9000
 1141 hyphenation exceptions out of 8191
 41i,7n,45p,1312b,1786s stack positions out of 5000i,500n,10000p,200000b,80000s
</usr/share/texmf-dist/fonts/type1/public/amsfonts/cm/cmbx12.pfb></usr/share/
texmf-dist/fonts/type1/public/amsfonts/cm/cmbx9.pfb></usr/share/texmf-dist/font
s/type1/public/amsfonts/cm/cmr10.pfb></usr/share/texmf-dist/fonts/type1/public/
amsfonts/cm/cmr12.pfb></usr/share/texmf-dist/fonts/type1/public/amsfonts/cm/cmr
17.pfb></usr/share/texmf-dist/fonts/type1/public/amsfonts/cm/cmr9.pfb></usr/sha
re/texmf-dist/fonts/type1/public/amsfonts/cm/cmti10.pfb>
Output written on documentacion-externa.pdf (1 page, 86193 bytes).
PDF statistics:
 36 PDF objects out of 1000 (max. 8388607)
 25 compressed objects within 1 object stream
 0 named destinations out of 1000 (max. 500000)
 1 words of extra memory for PDF output out of 10000 (max. 10000000)

